<?xml version="1.0" encoding="UTF-8"?>
<testng-results skipped="0" failed="0" ignored="0" total="1" passed="1">
  <reporter-output>
  </reporter-output>
  <suite name="Default suite" duration-ms="41840" started-at="2018-07-19T19:32:31Z" finished-at="2018-07-19T19:33:13Z">
    <groups>
    </groups>
    <test name="Default test" duration-ms="41840" started-at="2018-07-19T19:32:31Z" finished-at="2018-07-19T19:33:13Z">
      <class name="tests.MyTest">
        <test-method status="PASS" signature="setup()[pri:0, instance:tests.MyTest@528931cf]" name="setup" is-config="true" duration-ms="10746" started-at="2018-07-19T19:32:31Z" finished-at="2018-07-19T19:32:42Z">
          <reporter-output>
          </reporter-output>
        </test-method> <!-- setup -->
        <test-method status="PASS" signature="hello()[pri:0, instance:tests.MyTest@528931cf]" name="hello" duration-ms="31076" started-at="2018-07-19T19:32:42Z" finished-at="2018-07-19T19:33:13Z">
          <reporter-output>
          </reporter-output>
        </test-method> <!-- hello -->
      </class> <!-- tests.MyTest -->
    </test> <!-- Default test -->
  </suite> <!-- Default suite -->
</testng-results>
