<?xml version="1.0" encoding="UTF-8"?>
<testng-results skipped="0" failed="0" ignored="0" total="1" passed="1">
  <reporter-output>
  </reporter-output>
  <suite name="Default suite" duration-ms="45912" started-at="2018-07-08T18:15:04Z" finished-at="2018-07-08T18:15:50Z">
    <groups>
    </groups>
    <test name="Default test" duration-ms="45912" started-at="2018-07-08T18:15:04Z" finished-at="2018-07-08T18:15:50Z">
      <class name="tests.MyTest">
        <test-method status="PASS" signature="setup()[pri:0, instance:tests.MyTest@467aecef]" name="setup" is-config="true" duration-ms="17561" started-at="2018-07-08T18:15:04Z" finished-at="2018-07-08T18:15:22Z">
          <reporter-output>
          </reporter-output>
        </test-method> <!-- setup -->
        <test-method status="PASS" signature="hello()[pri:0, instance:tests.MyTest@467aecef]" name="hello" duration-ms="28323" started-at="2018-07-08T18:15:22Z" finished-at="2018-07-08T18:15:50Z">
          <reporter-output>
          </reporter-output>
        </test-method> <!-- hello -->
      </class> <!-- tests.MyTest -->
    </test> <!-- Default test -->
  </suite> <!-- Default suite -->
</testng-results>
